[2024-04-21 09:00:00] - INFO: App launched successfully.
[2024-04-21 09:00:05] - DEBUG: Loading user data from the database.
[2024-04-21 09:00:10] - DEBUG: User authentication successful.
[2024-04-21 09:00:15] - INFO: User profile loaded.
[2024-04-21 09:00:20] - DEBUG: Loading app configuration from the server.
[2024-04-21 09:00:25] - INFO: App configuration loaded successfully.
[2024-04-21 09:05:00] - INFO: Navigated to the app sidebar.
[2024-04-21 09:05:05] - DEBUG: Sidebar items loaded.
[2024-04-21 09:05:10] - INFO: Sidebar animation completed.
[2024-04-21 09:10:00] - INFO: Clicked on the Settings option.
[2024-04-21 09:10:05] - DEBUG: Settings page loaded.
[2024-04-21 09:10:10] - INFO: Adjusting decimal precision settings.
[2024-04-21 09:10:15] - DEBUG: Decimal precision updated to 2.
[2024-04-21 09:10:20] - DEBUG: Saving updated settings to the database.
[2024-04-21 09:10:25] - INFO: Decimal precision settings saved successfully.
[2024-04-21 09:15:00] - INFO: Changed decimal precision settings to 2.
[2024-04-21 09:15:05] - DEBUG: Returning to the main screen.
[2024-04-21 09:15:10] - INFO: Navigated back to the main screen.
[2024-04-21 09:15:15] - DEBUG: Reloading checkout screen data from the server.
[2024-04-21 09:15:20] - INFO: Checkout screen data updated.
[2024-04-21 09:15:25] - DEBUG: Applying decimal precision settings to prices.
[2024-04-21 09:15:30] - INFO: Prices updated with decimal precision settings.
[2024-04-21 09:20:00] - INFO: Attempted to go back to the checkout screen.
[2024-04-21 09:20:05] - DEBUG: Checkout screen attempted to load.